<?xml version="1.0" encoding="UTF-8"?>
<testng-results skipped="0" failed="1" ignored="0" total="1" passed="0">
  <reporter-output>
  </reporter-output>
  <suite name="Default suite" duration-ms="10839" started-at="2019-11-08T09:07:11Z" finished-at="2019-11-08T09:07:22Z">
    <groups>
    </groups>
    <test name="Default test" duration-ms="10839" started-at="2019-11-08T09:07:11Z" finished-at="2019-11-08T09:07:22Z">
      <class name="com.atmecs.scripts.TestScript">
        <test-method status="PASS" signature="intitailizeBrowser()[pri:0, instance:com.atmecs.scripts.TestScript@3abbfa04]" name="intitailizeBrowser" is-config="true" duration-ms="8708" started-at="2019-11-08T09:07:11Z" finished-at="2019-11-08T09:07:20Z">
          <reporter-output>
          </reporter-output>
        </test-method> <!-- intitailizeBrowser -->
        <test-method status="PASS" signature="urlqw()[pri:0, instance:com.atmecs.scripts.TestScript@3abbfa04]" name="urlqw" is-config="true" duration-ms="545" started-at="2019-11-08T09:07:20Z" finished-at="2019-11-08T09:07:20Z">
          <reporter-output>
          </reporter-output>
        </test-method> <!-- urlqw -->
        <test-method status="FAIL" signature="searchTest(java.lang.String, java.lang.String, java.lang.String, java.lang.String, java.lang.String, java.lang.String, java.lang.String)[pri:1, instance:com.atmecs.scripts.TestScript@3abbfa04]" name="searchTest" duration-ms="200" started-at="2019-11-08T09:07:22Z" data-provider="SearchData" finished-at="2019-11-08T09:07:22Z">
          <params>
            <param index="0">
              <value>
                <![CDATA[iPhone]]>
              </value>
            </param>
            <param index="1">
              <value>
                <![CDATA[MacBook Air]]>
              </value>
            </param>
            <param index="2">
              <value>
                <![CDATA[The Ninja Store]]>
              </value>
            </param>
            <param index="3">
              <value>
                <![CDATA[ADD TO CART]]>
              </value>
            </param>
            <param index="4">
              <value>
                <![CDATA[602.0]]>
              </value>
            </param>
            <param index="5">
              <value>
                <![CDATA[iPhone is a revolutionary new mobile phone]]>
              </value>
            </param>
            <param index="6">
              <value>
                <![CDATA[MacBook Air is ultrathin, ultraportable, ]]>
              </value>
            </param>
          </params>
          <exception class="java.lang.NullPointerException">
            <full-stacktrace>
              <![CDATA[java.lang.NullPointerException
at com.atmecs.validation.Validation.homePageValidation(Validation.java:31)
at com.atmecs.scripts.TestScript.searchTest(TestScript.java:39)
at sun.reflect.NativeMethodAccessorImpl.invoke0(Native Method)
at sun.reflect.NativeMethodAccessorImpl.invoke(Unknown Source)
at sun.reflect.DelegatingMethodAccessorImpl.invoke(Unknown Source)
at java.lang.reflect.Method.invoke(Unknown Source)
at org.testng.internal.MethodInvocationHelper.invokeMethod(MethodInvocationHelper.java:124)
at org.testng.internal.Invoker.invokeMethod(Invoker.java:583)
at org.testng.internal.Invoker.invokeTestMethod(Invoker.java:719)
at org.testng.internal.Invoker.invokeTestMethods(Invoker.java:989)
at org.testng.internal.TestMethodWorker.invokeTestMethods(TestMethodWorker.java:125)
at org.testng.internal.TestMethodWorker.run(TestMethodWorker.java:109)
at org.testng.TestRunner.privateRun(TestRunner.java:648)
at org.testng.TestRunner.run(TestRunner.java:505)
at org.testng.SuiteRunner.runTest(SuiteRunner.java:455)
at org.testng.SuiteRunner.runSequentially(SuiteRunner.java:450)
at org.testng.SuiteRunner.privateRun(SuiteRunner.java:415)
at org.testng.SuiteRunner.run(SuiteRunner.java:364)
at org.testng.SuiteRunnerWorker.runSuite(SuiteRunnerWorker.java:52)
at org.testng.SuiteRunnerWorker.run(SuiteRunnerWorker.java:84)
at org.testng.TestNG.runSuitesSequentially(TestNG.java:1208)
at org.testng.TestNG.runSuitesLocally(TestNG.java:1137)
at org.testng.TestNG.runSuites(TestNG.java:1049)
at org.testng.TestNG.run(TestNG.java:1017)
at org.testng.remote.AbstractRemoteTestNG.run(AbstractRemoteTestNG.java:115)
at org.testng.remote.RemoteTestNG.initAndRun(RemoteTestNG.java:251)
at org.testng.remote.RemoteTestNG.main(RemoteTestNG.java:77)
]]>
            </full-stacktrace>
          </exception> <!-- java.lang.NullPointerException -->
          <reporter-output>
          </reporter-output>
        </test-method> <!-- searchTest -->
      </class> <!-- com.atmecs.scripts.TestScript -->
    </test> <!-- Default test -->
  </suite> <!-- Default suite -->
</testng-results>
